<?xml version="1.0" encoding="UTF-8"?>
<testsuite xmlns:xsi="http://www.w3.org/2001/XMLSchema-instance" xsi:noNamespaceSchemaLocation="https://maven.apache.org/surefire/maven-surefire-plugin/xsd/surefire-test-report.xsd" name="it.unipd.mtss.RomanPrinterTest" time="0.046" tests="11" errors="0" skipped="0" failures="0">
  <properties>
    <property name="sun.desktop" value="gnome"/>
    <property name="awt.toolkit" value="sun.awt.X11.XToolkit"/>
    <property name="java.specification.version" value="11"/>
    <property name="sun.cpu.isalist" value=""/>
    <property name="sun.jnu.encoding" value="UTF-8"/>
    <property name="java.class.path" value="/home/davide/Scrivania/Uni/secondo semestre 23-24/MTSS/assignment 2/attuale/Assignment2/target/test-classes:/home/davide/Scrivania/Uni/secondo semestre 23-24/MTSS/assignment 2/attuale/Assignment2/target/classes:/home/davide/.m2/repository/junit/junit/4.12/junit-4.12.jar:/home/davide/.m2/repository/org/hamcrest/hamcrest-core/1.3/hamcrest-core-1.3.jar:"/>
    <property name="java.vm.vendor" value="Ubuntu"/>
    <property name="sun.arch.data.model" value="64"/>
    <property name="java.vendor.url" value="https://ubuntu.com/"/>
    <property name="user.timezone" value=""/>
    <property name="java.vm.specification.version" value="11"/>
    <property name="os.name" value="Linux"/>
    <property name="sun.java.launcher" value="SUN_STANDARD"/>
    <property name="user.country" value="IT"/>
    <property name="sun.boot.library.path" value="/usr/lib/jvm/java-11-openjdk-amd64/lib"/>
    <property name="sun.java.command" value="/home/davide/Scrivania/Uni/secondo semestre 23-24/MTSS/assignment 2/attuale/Assignment2/target/surefire/surefirebooter11056888005132455589.jar /home/davide/Scrivania/Uni/secondo semestre 23-24/MTSS/assignment 2/attuale/Assignment2/target/surefire 2024-05-20T11-29-09_807-jvmRun1 surefire4706816734254304422tmp surefire_016949498424742186102tmp"/>
    <property name="jdk.debug" value="release"/>
    <property name="surefire.test.class.path" value="/home/davide/Scrivania/Uni/secondo semestre 23-24/MTSS/assignment 2/attuale/Assignment2/target/test-classes:/home/davide/Scrivania/Uni/secondo semestre 23-24/MTSS/assignment 2/attuale/Assignment2/target/classes:/home/davide/.m2/repository/junit/junit/4.12/junit-4.12.jar:/home/davide/.m2/repository/org/hamcrest/hamcrest-core/1.3/hamcrest-core-1.3.jar:"/>
    <property name="sun.cpu.endian" value="little"/>
    <property name="user.home" value="/home/davide"/>
    <property name="user.language" value="it"/>
    <property name="java.specification.vendor" value="Oracle Corporation"/>
    <property name="java.version.date" value="2024-01-16"/>
    <property name="java.home" value="/usr/lib/jvm/java-11-openjdk-amd64"/>
    <property name="file.separator" value="/"/>
    <property name="basedir" value="/home/davide/Scrivania/Uni/secondo semestre 23-24/MTSS/assignment 2/attuale/Assignment2"/>
    <property name="java.vm.compressedOopsMode" value="32-bit"/>
    <property name="line.separator" value="&#10;"/>
    <property name="java.specification.name" value="Java Platform API Specification"/>
    <property name="java.vm.specification.vendor" value="Oracle Corporation"/>
    <property name="java.awt.graphicsenv" value="sun.awt.X11GraphicsEnvironment"/>
    <property name="surefire.real.class.path" value="/home/davide/Scrivania/Uni/secondo semestre 23-24/MTSS/assignment 2/attuale/Assignment2/target/surefire/surefirebooter11056888005132455589.jar"/>
    <property name="sun.management.compiler" value="HotSpot 64-Bit Tiered Compilers"/>
    <property name="java.runtime.version" value="11.0.22+7-post-Ubuntu-0ubuntu222.04.1"/>
    <property name="user.name" value="davide"/>
    <property name="path.separator" value=":"/>
    <property name="os.version" value="6.5.0-35-generic"/>
    <property name="java.runtime.name" value="OpenJDK Runtime Environment"/>
    <property name="file.encoding" value="UTF-8"/>
    <property name="java.vm.name" value="OpenJDK 64-Bit Server VM"/>
    <property name="localRepository" value="/home/davide/.m2/repository"/>
    <property name="java.vendor.url.bug" value="https://bugs.launchpad.net/ubuntu/+source/openjdk-lts"/>
    <property name="java.io.tmpdir" value="/tmp"/>
    <property name="java.version" value="11.0.22"/>
    <property name="user.dir" value="/home/davide/Scrivania/Uni/secondo semestre 23-24/MTSS/assignment 2/attuale/Assignment2"/>
    <property name="os.arch" value="amd64"/>
    <property name="java.vm.specification.name" value="Java Virtual Machine Specification"/>
    <property name="java.awt.printerjob" value="sun.print.PSPrinterJob"/>
    <property name="sun.os.patch.level" value="unknown"/>
    <property name="java.library.path" value="/usr/java/packages/lib:/usr/lib/x86_64-linux-gnu/jni:/lib/x86_64-linux-gnu:/usr/lib/x86_64-linux-gnu:/usr/lib/jni:/lib:/usr/lib"/>
    <property name="java.vm.info" value="mixed mode, sharing"/>
    <property name="java.vendor" value="Ubuntu"/>
    <property name="java.vm.version" value="11.0.22+7-post-Ubuntu-0ubuntu222.04.1"/>
    <property name="java.specification.maintenance.version" value="2"/>
    <property name="sun.io.unicode.encoding" value="UnicodeLittle"/>
    <property name="java.class.version" value="55.0"/>
  </properties>
  <testcase name="test100" classname="it.unipd.mtss.RomanPrinterTest" time="0.005"/>
  <testcase name="test478" classname="it.unipd.mtss.RomanPrinterTest" time="0"/>
  <testcase name="test500" classname="it.unipd.mtss.RomanPrinterTest" time="0"/>
  <testcase name="test1000" classname="it.unipd.mtss.RomanPrinterTest" time="0"/>
  <testcase name="test2367" classname="it.unipd.mtss.RomanPrinterTest" time="0"/>
  <testcase name="test10" classname="it.unipd.mtss.RomanPrinterTest" time="0"/>
  <testcase name="test15" classname="it.unipd.mtss.RomanPrinterTest" time="0"/>
  <testcase name="test50" classname="it.unipd.mtss.RomanPrinterTest" time="0.001"/>
  <testcase name="test0" classname="it.unipd.mtss.RomanPrinterTest" time="0"/>
  <testcase name="test1" classname="it.unipd.mtss.RomanPrinterTest" time="0.001"/>
  <testcase name="test5" classname="it.unipd.mtss.RomanPrinterTest" time="0"/>
</testsuite>